<?xml version="1.0" encoding="UTF-8"?>
<!-- Generated by org.testng.reporters.JUnitXMLReporter -->
<testsuite hostname="Shrivathsas-MacBook-Pro.local" ignored="4" name="Branch App Test Cases" tests="2" failures="1" timestamp="14 May 2018 07:29:52 GMT" time="30.109" errors="0">
  <testcase name="@BeforeMethod SetUp" time="20.165" classname="com.branch.qa.testcases.SignInPageTest">
    <failure type="org.openqa.selenium.NoSuchElementException" message="no such element: Unable to locate element: {&amp;quot;method&amp;quot;:&amp;quot;xpath&amp;quot;,&amp;quot;selector&amp;quot;:&amp;quot;//a[contains(.,&amp;apos;Branch - A mobile linking platform powering deep links and mobile&amp;apos;)]&amp;quot;}
  (Session info: chrome=66.0.3359.139)
  (Driver info: chromedriver=2.38.552518 (183d19265345f54ce39cbb94cf81ba5f15905011),platform=Mac OS X 10.13.4 x86_64) (WARNING: The server did not provide any stacktrace information)
Command duration or timeout: 0 milliseconds
For documentation on this error, please visit: http://seleniumhq.org/exceptions/no_such_element.html
Build info: version: &amp;apos;3.11.0&amp;apos;, revision: &amp;apos;e59cfb3&amp;apos;, time: &amp;apos;2018-03-11T20:26:55.152Z&amp;apos;
System info: host: &amp;apos;Shrivathsas-MacBook-Pro.local&amp;apos;, ip: &amp;apos;2600:8804:1084:3100:7a4f:43ff:fe9d:c85&amp;apos;, os.name: &amp;apos;Mac OS X&amp;apos;, os.arch: &amp;apos;x86_64&amp;apos;, os.version: &amp;apos;10.13.4&amp;apos;, java.version: &amp;apos;1.8.0_151&amp;apos;
Driver info: org.openqa.selenium.chrome.ChromeDriver
Capabilities {acceptInsecureCerts: false, acceptSslCerts: false, applicationCacheEnabled: false, browserConnectionEnabled: false, browserName: chrome, chrome: {chromedriverVersion: 2.38.552518 (183d19265345f5..., userDataDir: /var/folders/vl/1w6ft7f17z7...}, cssSelectorsEnabled: true, databaseEnabled: false, handlesAlerts: true, hasTouchScreen: false, javascriptEnabled: true, locationContextEnabled: true, mobileEmulationEnabled: false, nativeEvents: true, networkConnectionEnabled: false, pageLoadStrategy: normal, platform: MAC, platformName: MAC, rotatable: false, setWindowRect: true, takesHeapSnapshot: true, takesScreenshot: true, unexpectedAlertBehaviour: , unhandledPromptBehavior: , version: 66.0.3359.139, webStorageEnabled: true}
Session ID: 5e5395c06828a61ac85db03eb498b097
*** Element info: {Using=xpath, value=//a[contains(.,&amp;apos;Branch - A mobile linking platform powering deep links and mobile&amp;apos;)]}">
      <![CDATA[org.openqa.selenium.NoSuchElementException: no such element: Unable to locate element: {"method":"xpath","selector":"//a[contains(.,'Branch - A mobile linking platform powering deep links and mobile')]"}  (Session info: chrome=66.0.3359.139)  (Driver info: chromedriver=2.38.552518 (183d19265345f54ce39cbb94cf81ba5f15905011),platform=Mac OS X 10.13.4 x86_64) (WARNING: The server did not provide any stacktrace information)Command duration or timeout: 0 millisecondsFor documentation on this error, please visit: http://seleniumhq.org/exceptions/no_such_element.htmlBuild info: version: '3.11.0', revision: 'e59cfb3', time: '2018-03-11T20:26:55.152Z'System info: host: 'Shrivathsas-MacBook-Pro.local', ip: '2600:8804:1084:3100:7a4f:43ff:fe9d:c85', os.name: 'Mac OS X', os.arch: 'x86_64', os.version: '10.13.4', java.version: '1.8.0_151'Driver info: org.openqa.selenium.chrome.ChromeDriverCapabilities {acceptInsecureCerts: false, acceptSslCerts: false, applicationCacheEnabled: false, browserConnectionEnabled: false, browserName: chrome, chrome: {chromedriverVersion: 2.38.552518 (183d19265345f5..., userDataDir: /var/folders/vl/1w6ft7f17z7...}, cssSelectorsEnabled: true, databaseEnabled: false, handlesAlerts: true, hasTouchScreen: false, javascriptEnabled: true, locationContextEnabled: true, mobileEmulationEnabled: false, nativeEvents: true, networkConnectionEnabled: false, pageLoadStrategy: normal, platform: MAC, platformName: MAC, rotatable: false, setWindowRect: true, takesHeapSnapshot: true, takesScreenshot: true, unexpectedAlertBehaviour: , unhandledPromptBehavior: , version: 66.0.3359.139, webStorageEnabled: true}Session ID: 5e5395c06828a61ac85db03eb498b097*** Element info: {Using=xpath, value=//a[contains(.,'Branch - A mobile linking platform powering deep links and mobile')]}at org.openqa.selenium.remote.ErrorHandler.createThrowable(ErrorHandler.java:214)at org.openqa.selenium.remote.ErrorHandler.throwIfResponseFailed(ErrorHandler.java:166)at org.openqa.selenium.remote.http.JsonHttpResponseCodec.reconstructValue(JsonHttpResponseCodec.java:40)at org.openqa.selenium.remote.http.AbstractHttpResponseCodec.decode(AbstractHttpResponseCodec.java:80)at org.openqa.selenium.remote.http.AbstractHttpResponseCodec.decode(AbstractHttpResponseCodec.java:44)at org.openqa.selenium.remote.HttpCommandExecutor.execute(HttpCommandExecutor.java:158)at org.openqa.selenium.remote.service.DriverCommandExecutor.execute(DriverCommandExecutor.java:83)at org.openqa.selenium.remote.RemoteWebDriver.execute(RemoteWebDriver.java:545)at org.openqa.selenium.remote.RemoteWebDriver.findElement(RemoteWebDriver.java:319)at org.openqa.selenium.remote.RemoteWebDriver.findElementByXPath(RemoteWebDriver.java:421)at org.openqa.selenium.By$ByXPath.findElement(By.java:361)at org.openqa.selenium.remote.RemoteWebDriver.findElement(RemoteWebDriver.java:311)at org.openqa.selenium.support.events.EventFiringWebDriver.lambda$new$1(EventFiringWebDriver.java:103)at com.sun.proxy.$Proxy7.findElement(Unknown Source)at org.openqa.selenium.support.events.EventFiringWebDriver.findElement(EventFiringWebDriver.java:186)at org.openqa.selenium.support.pagefactory.DefaultElementLocator.findElement(DefaultElementLocator.java:69)at org.openqa.selenium.support.pagefactory.internal.LocatingElementHandler.invoke(LocatingElementHandler.java:38)at com.sun.proxy.$Proxy11.click(Unknown Source)at com.branch.qa.pages.GooglePage.clickBranchLink(GooglePage.java:37)at com.branch.qa.testcases.SignInPageTest.SetUp(SignInPageTest.java:29)... Removed 36 stack frames]]>
    </failure>
  </testcase> <!-- @BeforeMethod SetUp -->
  <testcase name="@AfterMethod tearDown" time="0.0" classname="com.branch.qa.testcases.SignInPageTest">
    <skipped/>
  </testcase> <!-- @AfterMethod tearDown -->
  <testcase name="verifyEmployeeNumberTest" time="0.671" classname="com.branch.qa.testcases.TeamPageTest">
    <failure type="java.lang.AssertionError" message="expected [129] but found [125]">
      <![CDATA[java.lang.AssertionError: expected [129] but found [125]at com.branch.qa.testcases.TeamPageTest.verifyEmployeeNumberTest(TeamPageTest.java:37)... Removed 31 stack frames]]>
    </failure>
  </testcase> <!-- verifyEmployeeNumberTest -->
  <testcase name="verifySignUpFieldsTest" time="0.0" classname="com.branch.qa.testcases.SignInPageTest">
    <skipped/>
  </testcase> <!-- verifySignUpFieldsTest -->
  <testcase name="verifyEmployeeNameTest" time="0.0" classname="com.branch.qa.testcases.TeamPageTest">
    <ignored/>
  </testcase> <!-- verifyEmployeeNameTest -->
  <testcase name="printTeamMemberNamesTest" time="0.0" classname="com.branch.qa.testcases.TeamPageTest">
    <ignored/>
  </testcase> <!-- printTeamMemberNamesTest -->
  <testcase name="verifyTitleTest" time="0.0" classname="com.branch.qa.testcases.TeamPageTest">
    <ignored/>
  </testcase> <!-- verifyTitleTest -->
  <testcase name="verifyEmployeeDeptTest" time="0.0" classname="com.branch.qa.testcases.TeamPageTest">
    <ignored/>
  </testcase> <!-- verifyEmployeeDeptTest -->
</testsuite> <!-- Branch App Test Cases -->
